0 0 0 0 0 0 0 0 0 0 0 0 0 0 0 0 0 0 0 0 0 0 0 0 0 0 0 0 0 0 0 0 0 0 0 0 0 0 0 0 0 0 0 0 0 0 0 0 0 0 0 0 0 0 0 0 0 0 0 0 0 0 0 0 0 0 0 0 0 0 0 0 0 0 0 0 0 0 0 0 0 0 0 0 0 0 0 0 0 0 0 0 0 0 0 0 0 0 0 0 0 0 0 0 0 0 0 0 0 0 0 0 0 0 0 0 0 0 0 0 0 0 0 0 0 0 0 16
0 2 3 2 2 2 0 0 0 0 0 0 6 15 26 27 12 0 0 0 2 2 2 2 2 0 0 0 0 0 0 0 0 0 1 0 0 0 0 0 0 0 0 0 1 1 1 1 0 2 3 2 2 3 2 0 0 2 2 0 0 2 1 1 3 2 0 1 1 2 1 0 1 1 1 2 4 4 6 2 0 0 0 0 0 2 1 0 0 0 0 0 0 0 0 -0 0 0 2 2 0 0 0 0 12 33 21 0 0 0 0 0 1 1 0 0 0 1 2 0 0 0 0 0 1 17 52 103
0 2 1 0 1 1 0 0 0 0 0 2 8 17 24 26 13 0 0 0 0 0 1 1 1 0 0 0 0 0 0 0 0 0 0 0 0 0 0 0 0 0 1 0 1 0 -0 0 1 1 1 0 1 1 1 0 0 1 0 0 0 0 1 1 1 1 1 1 0 1 0 0 1 0 0 1 3 4 4 2 0 0 0 0 0 0 0 0 0 0 0 0 0 0 0 0 0 1 2 2 0 0 0 0 1 15 21 6 0 0 0 0 1 1 0 0 1 1 0 0 0 0 0 3 29 54 55 59
0 0 0 -0 0 1 0 0 0 0 0 3 9 16 22 23 12 0 0 0 0 0 2 1 0 0 0 0 0 0 0 0 0 0 0 0 0 0 0 -0 0 0 0 -0 1 0 0 1 0 0 0 0 0 0 0 0 0 1 0 0 0 0 1 1 -0 -0 1 1 0 1 0 -0 0 0 0 1 3 2 2 2 2 0 0 0 0 0 0 0 0 0 0 0 0 0 0 1 1 1 1 1 1 0 0 0 0 5 20 16 2 0 0 0 0 0 0 0 -0 0 0 0 0 0 5 35 60 49 18 24
0 0 -0 0 0 2 0 0 0 0 3 5 7 13 17 21 12 0 0 0 0 2 2 1 -0 0 0 0 0 0 0 0 0 0 0 0 0 0 0 0 0 1 0 1 1 1 1 0 0 0 0 1 1 1 1 1 0 2 1 0 0 0 1 1 -0 0 2 1 0 1 1 0 0 0 1 2 3 3 2 3 4 0 0 0 0 0 0 0 0 0 0 1 1 0 2 1 1 2 0 0 2 0 0 0 0 0 12 22 10 0 0 0 0 0 0 0 0 0 0 0 0 5 38 61 46 15 0 24
0 0 0 0 1 0 0 0 0 2 4 4 5 10 19 25 16 0 0 0 0 2 1 1 0 0 0 0 0 0 0 0 0 0 1 1 1 1 1 1 1 1 0 1 2 1 1 0 0 1 3 3 4 3 3 2 2 3 1 0 0 1 3 1 0 1 3 2 1 2 1 1 2 2 1 1 3 1 4 6 4 0 0 0 0 0 0 0 1 1 1 2 2 1 1 1 1 1 0 0 1 2 0 0 0 0 4 19 20 3 0 0 0 0 0 0 0 0 0 0 6 40 63 46 13 0 0 22
0 0 0 0 0 0 0 0 0 3 5 2 2 9 20 28 15 0 0 0 0 0 1 1 0 0 0 0 0 0 0 0 0 1 1 1 1 1 0 0 -0 0 0 1 2 1 0 0 0 3 3 5 4 2 1 2 3 2 2 1 0 2 2 1 -0 2 3 1 0 1 0 0 1 1 0 1 2 2 4 5 3 0 0 0 0 0 0 1 1 2 1 1 1 1 1 1 0 0 0 0 0 1 0 0 0 0 0 8 22 13 0 0 0 0 0 1 0 0 0 6 43 65 46 16 1 0 0 23
0 0 0 0 0 0 0 0 2 5 5 0 0 9 22 26 11 0 0 0 0 0 2 1 0 0 0 0 0 0 0 0 0 0 0 0 1 0 0 0 0 0 0 0 0 0 0 0 1 4 4 3 1 1 0 0 2 1 1 0 0 0 1 0 0 2 2 -0 -0 0 1 0 0 0 0 0 3 3 5 5 3 0 0 0 0 0 0 1 2 2 0 0 1 1 1 0 0 0 0 0 0 1 2 0 0 0 0 0 14 19 4 0 0 0 0 0 0 0 4 41 67 45 10 0 0 0 0 25
0 0 0 0 0 0 0 0 4 5 2 0 0 12 23 26 13 0 0 0 0 3 2 2 0 0 0 0 0 0 1 0 0 0 0 0 1 1 1 0 1 1 1 1 0 0 0 0 2 4 3 2 1 0 0 0 2 3 2 0 0 0 0 0 0 3 2 -0 -0 1 1 0 0 0 0 1 2 4 4 3 3 0 0 0 0 0 0 1 2 2 1 1 2 1 0 0 0 0 0 1 2 2 4 2 0 0 0 0 4 20 19 3 0 0 0 0 0 5 39 65 47 8 0 0 0 0 0 27
0 0 0 0 0 0 3 5 6 5 1 0 2 12 23 28 14 0 0 0 1 2 0 0 0 0 0 0 0 0 0 0 0 1 0 1 2 0 0 0 2 1 1 0 0 0 1 1 1 3 1 0 1 0 1 1 4 5 4 2 0 0 0 0 2 3 2 0 0 1 1 0 0 0 0 0 3 5 3 1 2 0 0 0 0 0 0 1 1 1 1 1 2 1 2 2 0 1 2 2 4 4 4 4 0 0 0 0 0 14 26 12 0 0 0 0 5 38 64 47 11 0 0 0 2 3 3 28
0 0 0 0 0 6 8 7 4 1 0 0 2 10 21 26 12 0 0 0 -0 0 0 0 0 0 0 0 0 0 0 0 0 0 0 1 -0 0 0 -0 2 0 0 0 -0 0 2 0 0 1 0 0 0 0 0 0 0 0 0 0 0 1 4 3 4 3 1 0 0 0 0 0 0 0 -0 1 2 4 3 3 4 0 0 0 0 0 0 0 1 1 1 2 1 1 1 1 0 2 3 4 4 4 4 3 1 0 0 0 0 4 22 22 2 0 0 3 36 63 46 11 0 0 0 2 4 5 3 25
0 0 0 0 6 12 11 7 0 0 0 0 1 10 21 25 11 0 0 0 0 0 1 1 0 0 0 0 0 0 0 0 0 0 -0 0 0 0 0 0 1 -0 0 0 0 1 2 0 0 0 0 0 0 0 0 0 0 0 0 0 0 0 0 0 4 3 2 0 0 0 0 1 0 0 0 1 2 3 3 3 4 2 0 0 0 0 0 0 0 0 1 2 1 1 0 0 1 3 4 4 4 4 3 2 1 0 0 0 0 0 11 23 9 0 0 32 60 46 12 0 0 0 0 5 6 4 0 23
0 0 0 0 12 16 12 3 0 0 0 0 1 10 22 27 14 0 0 0 0 1 0 0 0 0 0 0 0 0 0 0 0 0 -0 0 0 0 0 0 1 0 0 0 1 1 0 0 0 0 0 0 0 0 0 0 0 0 0 0 0 0 0 0 0 0 3 1 0 1 2 2 1 1 1 2 4 4 4 4 4 2 0 0 0 0 0 0 0 0 0 1 0 1 2 2 3 4 5 5 4 4 2 1 1 0 0 0 0 0 1 15 14 3 26 57 43 11 0 0 0 0 4 7 6 1 0 23
0 0 0 6 19 22 12 0 0 0 0 0 1 11 22 29 16 0 0 0 0 2 2 0 0 0 0 0 0 0 0 0 1 1 0 0 0 1 1 2 2 0 0 0 0 1 0 0 0 0 0 0 0 0 0 0 0 4 4 1 0 0 0 0 0 0 0 0 2 1 2 2 2 1 2 4 4 4 5 4 4 1 0 0 0 0 0 0 0 0 0 1 2 3 3 5 5 5 4 3 4 3 1 1 1 0 0 0 0 0 0 4 19 39 57 45 11 0 0 0 0 2 4 3 1 0 0 23
0 0 1 15 28 28 7 0 0 0 0 0 2 12 22 30 16 0 0 0 0 1 1 1 0 0 0 0 0 0 0 1 2 2 0 0 1 1 1 0 0 0 0 0 6 3 0 0 6 5 1 0 0 0 0 0 1 2 0 0 0 0 0 0 0 0 0 0 0 2 4 5 3 2 3 4 5 4 4 4 5 1 0 0 0 0 0 0 0 0 0 1 2 3 4 4 3 2 3 1 1 1 0 0 0 0 1 0 0 0 0 0 38 87 63 14 0 0 0 0 2 4 1 0 2 2 0 21
0 0 9 22 38 31 0 0 0 0 0 0 3 11 23 30 17 0 0 0 0 1 0 0 0 0 0 0 0 0 1 1 0 0 0 0 1 2 0 0 1 0 8 13 11 3 0 2 7 1 1 1 0 0 0 0 0 0 0 0 0 0 0 0 0 0 0 0 0 0 5 6 4 4 3 3 3 3 4 4 4 1 0 0 0 0 0 0 0 1 1 1 1 2 5 4 2 1 1 1 0 0 0 0 0 0 0 0 0 0 0 11 88 121 47 0 0 0 0 1 5 5 0 1 4 0 0 24
0 4 18 33 46 22 0 0 0 0 1 1 5 14 24 32 19 0 0 0 0 0 0 0 0 0 0 0 0 1 1 0 0 1 0 0 1 0 0 8 15 7 11 7 3 0 0 1 0 0 0 2 1 0 0 0 0 0 0 0 0 0 0 0 0 0 0 0 0 0 0 2 7 7 4 4 3 4 4 4 3 0 0 0 0 0 0 0 0 3 4 4 2 2 4 3 0 0 -0 1 0 1 0 0 0 0 0 0 0 0 0 69 135 97 16 0 0 0 0 3 3 0 0 3 0 0 6 31
0 12 26 43 43 4 0 0 0 0 0 1 6 13 23 32 18 0 0 0 0 0 0 0 0 0 0 0 0 0 0 0 0 0 0 0 0 0 0 17 10 0 2 0 0 0 0 0 0 0 1 0 0 0 0 0 0 0 0 0 0 0 0 0 0 0 0 1 0 0 0 0 0 5 5 2 4 5 4 3 3 1 0 0 0 0 0 0 1 5 8 9 4 1 1 1 0 0 0 2 1 0 0 0 0 0 0 0 0 0 43 119 108 35 0 0 0 0 5 4 0 0 1 0 0 1 3 15
0 19 35 45 28 0 0 0 0 0 0 2 5 12 23 31 16 0 0 0 0 0 1 0 0 0 0 0 0 0 0 0 0 0 0 0 0 0 9 15 3 0 0 0 0 0 0 0 0 0 0 0 0 0 0 0 0 0 0 0 0 0 0 0 0 0 3 3 1 0 0 0 0 0 0 3 3 6 5 2 5 1 0 0 0 0 0 0 2 8 14 15 7 0 0 1 0 0 0 2 1 -0 0 0 0 0 0 0 0 25 83 89 36 1 0 0 0 4 4 0 0 3 0 0 0 6 0 0
0 28 45 38 11 0 0 0 0 0 0 2 5 12 24 31 15 0 0 0 0 1 0 -0 0 0 0 0 0 0 0 0 0 0 0 0 0 3 19 13 0 0 0 0 0 1 0 0 0 0 1 1 0 0 0 0 0 0 0 0 0 0 0 1 3 4 1 0 0 0 0 0 0 0 10 10 2 6 4 3 5 2 0 0 0 0 0 2 2 9 19 23 13 0 0 0 1 0 1 2 1 -0 0 -0 0 0 0 0 15 66 77 31 0 0 0 0 4 5 0 0 3 3 0 0 2 0 0 8
0 38 44 22 0 0 0 0 0 0 -0 2 6 14 24 30 14 0 0 0 0 0 0 0 0 0 0 0 0 0 0 0 0 -0 0 0 1 15 16 2 0 0 0 0 0 3 1 0 0 0 -0 0 0 0 0 0 0 0 0 0 0 0 4 5 0 0 0 0 0 0 0 0 0 3 21 18 3 4 3 3 4 1 0 0 0 0 0 2 3 10 22 32 21 0 0 0 1 0 0 2 1 -0 0 0 0 0 0 5 53 83 44 4 0 0 0 1 5 0 0 1 2 0 0 0 0 0 0 53
0 45 32 6 0 0 0 0 0 0 0 2 6 14 23 28 14 0 0 0 0 0 0 0 0 0 0 0 0 0 0 0 0 0 0 1 10 14 3 0 0 0 0 1 2 1 0 0 0 0 0 0 0 0 0 0 0 0 0 1 4 10 4 0 0 0 0 0 0 3 4 3 0 0 8 18 11 3 2 3 5 0 0 0 0 0 -0 0 2 8 21 37 25 0 0 0 0 0 0 1 1 0 0 0 0 0 0 35 77 54 10 0 0 0 1 5 1 0 0 3 0 0 0 0 0 0 0 77
0 39 12 0 0 0 0 0 0 0 0 2 6 14 23 28 14 0 0 0 0 0 0 1 1 0 0 0 0 0 0 0 0 0 0 8 13 4 0 0 0 0 4 5 1 0 0 0 0 0 0 0 0 0 0 0 0 0 0 9 7 0 0 0 0 0 2 4 4 3 0 0 0 0 0 10 20 11 3 5 6 0 0 0 0 0 -0 1 2 7 20 38 29 0 0 0 0 0 2 1 1 0 0 -0 0 0 18 71 68 19 0 0 0 0 6 4 0 0 3 0 0 0 0 0 0 0 0 73
0 22 0 0 2 0 0 0 0 0 0 2 5 14 23 28 14 0 0 0 0 0 0 1 0 0 0 0 0 0 0 0 0 0 2 9 5 0 0 0 0 2 2 0 0 0 0 0 0 0 0 0 1 3 0 0 0 0 9 2 0 0 0 0 0 4 6 4 1 1 0 0 1 0 0 4 14 1 0 4 5 0 0 0 0 0 0 1 1 6 21 42 32 0 0 0 0 0 1 2 1 0 0 0 0 3 53 80 38 2 0 0 0 5 6 0 0 3 0 0 0 0 0 0 0 0 0 66
0 5 0 0 3 0 0 0 0 0 0 2 5 14 23 27 15 0 0 0 0 0 -0 0 0 0 0 0 0 0 -0 0 0 0 10 9 -0 0 0 0 0 0 0 0 0 0 0 0 0 0 0 3 6 4 0 0 0 1 0 0 0 0 0 3 3 5 6 1 0 0 0 0 0 0 1 1 3 0 0 0 5 0 0 0 0 0 0 1 0 6 23 41 31 3 0 0 0 0 0 3 2 0 0 0 0 34 80 58 9 0 0 0 3 5 0 0 2 1 0 0 0 0 0 0 0 0 0 73
0 0 0 0 1 0 0 0 0 0 0 2 5 13 23 28 16 0 0 0 0 0 -0 0 0 0 0 0 0 0 0 0 0 2 17 8 0 -0 0 0 1 0 0 0 0 0 0 0 0 0 0 4 7 4 3 0 0 0 0 0 0 3 5 7 6 1 0 0 0 0 0 0 0 0 1 0 1 0 0 12 15 0 0 0 0 0 0 1 0 7 23 38 30 8 0 0 0 0 0 4 4 0 0 0 16 68 72 22 0 0 0 1 5 2 0 0 2 0 0 0 0 0 0 0 0 0 0 81
0 0 -0 1 2 0 0 0 0 0 0 2 4 11 22 28 16 0 0 0 0 0 -0 1 0 0 0 0 0 0 4 0 0 12 19 0 0 0 0 0 0 0 0 0 0 0 0 4 1 0 3 7 10 7 0 0 0 0 0 0 4 4 4 3 0 0 0 0 0 0 0 0 1 2 2 2 0 0 0 18 25 1 0 0 0 0 0 0 1 8 22 37 30 8 0 0 0 0 0 0 0 0 0 4 51 79 39 0 0 0 0 2 4 0 0 1 0 2 0 0 0 0 0 0 0 0 0 83
0 0 1 2 4 0 0 0 0 0 0 1 2 11 23 28 16 0 0 0 0 0 0 1 0 0 0 0 0 2 4 0 0 28 15 0 0 0 1 0 0 0 0 0 0 0 3 6 0 0 9 13 10 0 0 0 0 0 0 6 8 4 0 0 0 0 0 0 1 1 2 2 3 1 0 0 0 0 0 2 25 20 0 0 0 0 0 0 1 8 22 37 31 9 2 3 0 0 0 0 0 0 0 24 76 55 7 0 0 0 -0 0 1 0 0 0 0 2 0 0 0 0 0 0 0 0 2 83
0 1 1 2 4 0 0 0 0 0 0 0 4 13 23 30 19 0 0 0 0 0 1 2 0 0 0 0 0 5 0 0 0 41 9 0 0 0 0 0 0 0 0 0 0 0 5 1 0 11 17 6 0 0 0 0 0 5 4 4 3 0 0 0 0 0 0 2 4 4 2 1 0 0 0 0 0 0 0 0 21 44 2 0 0 0 0 0 0 8 22 36 32 12 5 0 0 0 0 0 0 0 0 40 71 22 0 0 0 0 0 1 1 2 0 0 6 0 0 0 0 0 0 0 0 2 3 81
0 1 0 0 1 0 0 0 0 0 -0 1 4 13 24 32 21 0 0 0 0 0 1 1 0 0 0 0 0 6 0 0 14 43 3 0 0 0 0 0 0 0 0 0 5 6 1 1 8 17 1 0 0 0 0 5 8 4 3 1 0 0 0 0 2 2 4 4 3 0 0 0 1 1 0 0 1 1 1 0 8 43 17 0 0 0 0 0 1 8 24 40 37 16 0 0 0 0 0 0 0 0 0 43 61 11 0 0 0 2 3 3 3 2 0 2 0 0 0 0 0 0 0 0 1 2 2 80
0 0 0 0 0 0 0 0 0 0 0 0 3 13 24 32 17 0 0 0 0 0 0 0 0 0 0 0 0 1 0 0 34 41 1 0 0 0 0 0 0 0 1 7 5 0 0 9 14 0 0 0 0 0 7 3 2 0 0 0 0 0 0 2 4 5 3 0 0 0 0 1 3 2 0 0 0 1 0 0 0 22 23 0 0 0 0 0 1 10 27 47 39 0 0 0 0 0 0 0 0 2 0 39 73 26 0 0 0 4 5 3 3 0 0 0 0 0 0 0 0 0 0 1 2 1 1 79
0 0 0 0 0 0 0 0 0 0 0 0 4 12 24 29 14 0 0 0 0 0 0 0 0 0 0 0 0 0 0 0 48 35 0 0 1 1 0 0 0 0 7 0 0 0 4 12 0 0 0 0 4 8 0 0 0 0 0 0 0 2 4 6 6 3 0 0 0 2 2 1 1 0 1 1 3 2 1 1 0 6 17 0 0 0 0 0 4 15 36 41 0 0 0 0 0 0 0 3 9 6 0 32 92 47 0 0 2 6 3 2 0 0 4 0 0 0 0 0 0 0 0 1 1 2 1 78
0 0 0 0 0 0 0 0 0 0 0 1 2 11 23 28 14 0 0 0 0 0 0 0 0 0 0 0 1 0 0 0 55 29 0 0 0 0 0 0 1 4 0 0 0 6 11 0 0 0 0 7 6 0 0 0 0 0 0 0 2 7 10 7 0 0 0 0 3 1 0 0 2 12 11 3 1 0 1 1 3 3 5 0 0 0 0 2 8 19 18 0 0 0 0 0 0 0 5 10 4 0 0 34 102 54 0 0 3 3 1 0 0 5 3 0 0 0 0 0 0 0 2 1 1 2 1 79
0 0 0 0 1 0 0 0 0 0 0 0 2 11 24 30 15 0 0 0 0 0 0 0 1 0 0 0 5 0 0 3 54 22 0 0 0 0 0 1 1 0 0 1 7 10 0 0 0 0 10 6 0 0 0 0 2 2 0 1 6 9 4 0 0 0 2 2 4 0 0 0 11 17 2 0 0 0 1 3 5 4 2 0 2 0 0 5 2 0 0 0 0 0 0 0 0 5 6 2 0 0 0 46 107 48 0 0 1 3 1 0 0 6 0 0 0 0 0 0 0 3 2 1 1 2 1 78
0 0 0 0 1 0 0 0 0 0 0 0 1 11 25 31 16 0 0 0 0 0 0 2 1 0 0 0 9 0 0 13 43 13 0 0 2 2 0 0 0 0 3 6 2 0 0 0 0 9 5 0 0 0 0 4 6 2 0 6 9 3 0 0 0 4 4 3 3 4 6 12 15 5 0 0 0 4 4 5 5 4 6 6 15 17 3 0 0 0 0 0 0 0 0 1 6 3 0 0 0 0 0 63 107 34 0 -0 3 5 1 0 0 0 0 0 0 0 0 0 1 2 1 0 1 1 1 77
0 0 0 0 1 0 0 0 0 0 0 0 1 12 26 31 16 0 0 0 0 0 1 3 1 0 0 1 9 0 0 16 33 13 2 0 0 0 0 0 0 0 2 0 0 0 0 1 9 7 0 0 0 0 4 3 0 0 5 9 2 0 0 1 4 4 0 0 0 7 9 6 2 0 0 0 1 6 8 7 5 7 7 5 10 12 0 0 0 0 0 0 0 0 4 5 1 0 0 0 0 0 0 78 102 21 0 0 3 3 0 0 0 0 0 0 0 0 0 0 1 2 0 0 1 1 1 77
0 0 0 0 0 0 0 0 0 0 0 0 2 14 27 32 17 0 0 0 0 0 2 2 1 0 0 2 4 0 0 20 27 11 0 0 0 0 0 0 0 0 0 0 0 0 3 8 6 0 0 0 2 2 0 0 1 7 4 0 0 0 0 1 4 3 0 0 1 5 0 0 0 0 0 0 5 11 9 3 4 10 11 5 0 0 0 0 0 0 0 0 0 5 4 0 0 0 8 4 0 0 9 98 97 11 0 1 4 0 0 0 0 0 0 0 0 0 0 0 1 2 0 0 1 0 0 76
0 1 1 1 1 0 0 0 0 0 0 -0 4 14 26 32 18 0 0 0 0 0 0 0 0 0 0 3 -0 0 0 25 22 6 0 0 1 0 0 0 0 1 0 0 0 2 10 8 0 0 0 5 4 0 0 2 9 2 0 0 0 0 0 3 4 3 1 2 4 3 0 0 0 0 2 6 9 9 5 2 8 12 5 0 0 0 0 0 0 0 1 4 3 3 0 0 0 12 24 7 0 0 33 115 80 1 0 0 4 0 0 0 0 0 0 0 0 0 0 0 0 1 0 0 0 0 0 77
0 1 1 1 1 0 0 0 0 0 0 1 5 14 26 32 16 0 0 0 0 0 0 0 -0 0 0 3 0 0 0 25 16 4 2 4 6 3 0 0 1 0 0 0 0 12 9 0 0 0 4 3 0 0 3 8 0 0 0 3 2 0 3 7 5 3 3 4 4 4 1 0 0 3 9 10 5 3 7 7 6 0 0 0 0 0 0 0 1 6 6 1 0 0 0 0 6 28 26 7 6 2 63 119 48 0 0 2 3 0 0 0 0 0 0 0 0 0 0 0 1 1 0 0 0 0 0 78
0 1 2 1 1 0 0 0 0 0 0 1 5 13 26 32 17 0 0 0 0 0 0 0 0 0 0 5 0 0 0 23 14 6 5 10 12 2 0 0 0 0 0 1 9 11 0 0 0 5 4 0 0 1 2 0 0 0 3 3 2 4 6 6 5 4 5 2 0 0 2 2 4 8 9 8 4 8 11 0 0 0 0 0 0 0 0 5 7 4 0 0 0 0 0 -0 22 32 13 10 2 0 86 104 18 0 2 4 1 0 0 0 0 0 0 0 0 -0 2 1 1 1 1 0 0 0 1 78
0 1 1 1 1 0 0 0 0 0 0 0 3 11 25 31 17 0 0 0 0 1 1 0 0 0 1 7 0 0 0 19 12 9 7 11 11 0 0 0 0 0 3 10 8 0 0 0 6 7 0 0 2 0 0 0 2 3 5 8 6 2 3 7 4 0 -0 0 0 0 4 5 8 10 7 9 8 2 0 0 0 0 0 0 0 5 6 3 0 0 0 0 0 0 0 11 33 20 7 9 0 5 99 73 0 0 5 0 0 0 0 0 0 0 0 0 0 2 3 2 1 0 1 0 0 1 0 78
0 0 0 0 0 0 0 0 0 0 0 -0 3 11 24 32 18 0 0 0 0 2 1 0 0 0 1 8 0 0 0 13 8 6 2 5 10 1 0 0 0 4 10 6 0 0 0 7 10 1 0 1 0 0 0 9 9 5 12 16 16 18 11 3 0 0 0 0 1 3 6 6 6 8 9 5 0 0 0 0 0 0 0 6 7 4 -0 0 0 0 0 0 0 0 0 27 34 20 24 11 0 36 106 40 0 0 0 0 0 0 0 0 0 0 0 0 1 3 3 1 0 1 2 0 0 0 1 79
0 0 0 0 0 0 0 0 0 0 0 0 3 10 24 34 21 0 0 0 0 1 0 0 0 0 1 10 0 0 0 12 9 7 0 1 12 0 0 0 4 9 8 0 0 0 8 11 3 0 0 1 0 6 21 22 21 22 26 15 4 13 8 3 5 6 8 7 9 13 24 26 15 8 0 0 0 0 0 0 0 1 4 2 0 0 0 0 0 0 0 0 0 0 15 44 47 45 34 0 0 74 99 13 0 1 0 0 0 0 0 0 0 0 0 0 1 2 1 0 1 1 1 1 1 1 1 79
0 0 0 0 0 0 0 0 0 0 0 0 2 10 26 35 20 0 0 0 0 0 0 0 0 -0 1 8 0 0 0 13 10 12 6 4 14 2 0 0 9 8 0 0 0 8 11 4 0 0 0 0 4 18 16 15 24 30 32 0 0 0 4 12 29 30 27 34 42 50 61 54 15 0 0 0 0 0 0 0 2 2 0 0 0 0 0 0 0 0 0 0 0 19 55 74 62 35 0 0 2 112 67 0 0 3 0 2 0 0 0 0 0 0 0 0 1 2 1 -0 0 1 1 1 1 1 1 77
0 0 0 0 0 0 0 0 0 0 0 -0 3 11 26 34 20 0 0 0 0 0 0 0 0 -0 0 7 0 0 0 8 8 20 18 12 22 12 0 6 8 0 0 0 9 9 1 0 0 0 0 5 15 9 5 13 13 11 8 0 0 26 37 35 32 30 37 51 59 59 50 15 0 0 0 0 0 0 0 3 0 1 0 0 0 0 0 0 0 0 8 26 51 74 83 63 21 0 0 0 84 108 22 0 0 0 0 2 0 0 0 0 0 0 0 1 0 0 0 0 1 1 0 0 0 0 0 77
0 0 1 0 0 0 0 0 0 0 0 0 3 11 26 36 20 0 0 0 0 0 0 0 0 -0 1 6 0 0 0 4 10 32 23 6 12 7 1 5 0 0 0 8 10 1 0 0 0 0 3 16 7 4 13 15 12 16 17 0 3 30 41 21 3 13 19 27 34 19 0 0 0 0 0 0 0 0 3 2 0 3 0 0 0 0 0 0 1 29 62 79 80 63 33 0 0 0 0 68 118 55 0 0 1 0 0 0 0 0 0 0 0 0 1 1 0 1 1 1 1 0 -0 0 0 0 0 77
0 0 2 0 0 0 0 0 0 0 0 0 3 11 26 36 20 0 0 0 0 0 0 0 0 0 1 3 3 0 0 0 14 34 16 0 0 6 5 0 0 0 7 10 2 0 0 1 0 1 14 6 2 20 26 23 31 37 27 0 0 17 25 0 0 15 9 13 14 0 0 0 0 0 0 0 4 5 4 2 2 3 1 0 0 0 3 19 41 71 78 52 19 0 0 0 0 0 75 111 60 6 0 4 0 0 0 0 0 0 0 0 0 0 1 1 0 1 1 0 0 0 0 0 0 0 1 77
0 0 1 0 0 0 0 0 0 0 0 1 3 10 25 34 20 0 0 0 0 0 0 0 0 0 1 0 6 0 0 0 14 24 8 0 6 18 0 0 0 7 12 3 0 0 4 0 0 7 11 8 30 39 29 30 35 27 0 0 0 32 14 0 14 29 8 0 0 0 0 0 0 0 1 1 3 5 5 2 0 1 0 0 0 19 50 69 56 37 9 0 0 0 0 0 0 81 110 49 0 0 1 3 0 0 0 0 0 0 0 0 0 0 0 0 0 0 0 0 1 1 0 0 -0 1 1 77
0 2 1 0 0 0 0 0 0 0 0 0 2 10 24 35 21 0 0 0 0 0 0 0 1 0 0 0 5 0 0 0 8 12 6 0 18 17 0 0 5 14 4 0 0 3 0 3 8 14 22 33 40 25 19 21 20 4 0 0 31 20 0 0 23 25 0 0 0 0 0 0 0 4 2 0 4 6 3 0 0 0 0 10 45 78 75 45 9 0 0 0 0 0 0 2 81 112 53 0 0 0 3 1 0 0 0 0 0 0 0 0 0 0 0 0 0 0 1 1 2 1 0 0 0 1 2 77
0 1 1 2 0 0 0 0 0 0 0 -0 1 10 24 36 23 0 0 0 0 0 0 1 2 1 0 0 2 0 0 0 4 15 8 10 25 3 0 2 14 3 0 0 2 0 0 14 27 30 40 33 14 11 9 5 9 0 0 19 28 0 0 12 14 0 0 0 0 0 0 0 8 4 0 4 6 4 0 0 0 0 10 57 91 69 17 0 0 0 0 0 0 0 17 84 113 57 0 0 0 1 4 0 0 0 0 0 0 0 0 0 0 0 1 1 0 1 1 1 0 0 0 0 1 1 1 77
0 0 2 2 1 0 0 0 0 0 0 0 1 10 24 36 24 0 0 0 0 0 0 1 0 -0 0 0 0 3 0 0 0 14 5 22 23 0 0 11 4 0 0 2 0 0 6 24 28 22 17 9 14 16 0 0 11 0 0 22 4 0 8 10 0 0 0 0 0 0 0 7 8 1 1 6 4 0 0 0 1 1 16 60 54 1 0 0 0 0 0 0 0 36 95 108 55 2 0 0 0 5 6 0 0 0 0 0 0 0 0 0 1 2 2 0 0 2 0 0 0 0 0 0 1 1 1 77
0 2 3 2 2 0 0 0 0 0 0 0 1 10 24 36 23 0 0 0 0 0 0 -0 -0 0 0 0 0 1 1 0 0 2 6 25 20 0 8 5 0 0 4 1 0 3 23 35 25 5 0 9 26 2 0 10 11 0 9 8 0 0 0 0 0 0 0 0 0 0 8 12 7 3 3 6 0 0 0 0 0 0 2 26 19 0 0 0 0 0 0 0 51 103 94 41 0 0 0 0 2 8 4 0 0 0 0 0 0 0 0 2 3 2 0 0 1 1 0 0 0 0 1 1 1 1 1 77
0 3 4 2 4 0 0 0 0 0 0 0 2 10 23 36 24 0 0 0 0 0 0 0 0 0 0 0 0 0 6 0 0 0 12 30 24 10 7 0 0 4 0 0 5 12 32 36 23 5 0 16 15 0 0 4 6 4 12 3 3 3 0 0 0 0 0 0 0 7 12 13 5 2 3 4 0 0 0 0 0 0 0 15 28 17 10 10 0 0 0 26 90 82 28 0 0 0 0 0 5 7 0 0 0 0 0 0 0 0 0 2 2 0 -0 0 1 0 1 0 0 1 1 1 1 2 2 77
0 3 2 2 6 1 0 0 0 0 0 0 1 11 24 37 24 0 0 0 0 0 0 0 -0 0 0 0 0 0 7 0 0 0 25 49 31 6 0 0 0 0 0 7 27 34 37 28 18 5 3 8 4 0 0 0 4 10 3 5 13 0 0 0 0 0 0 0 0 5 13 8 0 1 5 2 0 0 0 0 0 0 0 13 35 36 23 12 0 0 0 36 67 28 0 0 0 0 0 1 7 5 0 0 0 0 0 0 0 0 0 2 1 1 1 1 0 0 1 1 0 2 1 0 0 1 2 77
0 2 2 3 5 -0 0 0 0 0 0 0 2 10 24 35 23 0 0 0 0 0 0 0 0 0 0 0 0 0 5 0 0 0 49 67 27 2 0 0 0 0 6 23 44 37 21 23 16 0 0 0 5 2 0 0 0 10 3 10 0 0 0 0 0 0 0 0 0 11 13 0 0 5 6 0 0 0 0 0 0 0 0 8 33 41 29 8 0 0 0 38 57 15 0 0 0 0 0 5 9 2 0 0 0 0 0 0 0 0 3 3 1 1 1 1 1 0 0 1 1 1 0 0 1 2 2 77
0 1 3 2 3 0 0 0 0 0 0 0 2 9 22 34 24 0 0 0 0 0 0 0 0 0 0 0 0 0 3 0 0 0 60 54 5 0 0 0 2 20 29 37 44 12 0 16 2 0 0 1 11 0 0 0 0 29 23 0 0 0 0 0 0 0 0 0 7 15 7 0 2 9 0 0 0 0 0 0 0 0 0 2 26 41 34 10 0 0 0 41 53 7 0 0 0 0 -0 9 8 0 0 0 0 0 0 0 0 1 3 4 4 5 3 2 1 0 0 2 1 1 1 1 2 3 2 77
0 0 2 2 4 0 0 0 0 0 0 0 1 10 23 34 23 0 0 0 0 0 0 0 1 0 0 0 0 1 0 1 0 0 47 37 0 0 0 0 10 27 33 37 31 0 2 11 0 0 0 2 7 0 0 0 0 31 15 0 0 0 0 0 3 0 0 0 9 11 4 5 7 0 0 0 0 0 0 0 0 0 0 2 22 41 39 18 0 0 0 33 47 4 0 0 0 0 2 11 3 0 0 0 0 0 0 0 0 0 0 3 5 6 5 5 4 2 2 2 1 1 2 1 2 3 3 78
0 2 3 4 6 0 0 0 0 0 0 0 2 10 23 34 22 0 0 0 0 0 0 1 1 0 0 0 5 1 0 0 0 0 28 34 0 0 0 1 28 40 26 16 15 0 1 5 0 3 0 0 0 0 0 10 1 10 0 0 0 0 0 0 10 0 0 0 15 14 10 5 0 0 0 0 0 0 0 0 0 0 0 0 17 41 42 23 0 0 0 21 51 10 0 0 0 0 5 9 0 0 0 0 0 0 0 0 0 0 0 0 0 0 1 4 7 6 5 5 5 5 4 3 2 2 2 76
0 3 3 3 5 0 0 0 0 0 0 0 2 10 24 35 23 0 0 0 0 0 0 0 0 0 0 0 1 0 1 2 0 0 26 30 0 0 0 24 49 45 13 3 8 0 0 0 0 8 0 0 0 0 0 25 11 0 0 0 0 0 0 0 13 0 0 8 23 11 2 0 0 0 0 0 0 0 0 0 0 0 0 0 13 38 42 24 5 0 0 10 54 13 0 0 0 0 8 6 0 1 0 0 0 0 0 0 1 1 0 0 0 0 0 0 2 2 3 6 8 7 6 4 1 0 2 76
0 3 3 2 4 -0 0 0 0 0 0 0 2 11 24 35 23 0 0 0 0 0 0 0 1 0 0 0 0 0 1 0 0 0 8 7 0 0 15 41 38 19 0 0 13 0 0 0 11 13 0 0 0 0 0 16 0 0 0 0 0 0 0 0 7 0 0 23 15 0 0 0 0 0 0 0 0 0 0 1 0 0 0 0 8 34 47 36 15 0 0 0 49 11 0 0 0 3 8 2 -0 0 0 0 0 0 0 0 3 2 0 0 0 0 0 0 0 0 0 3 4 5 4 3 3 3 4 77
0 2 2 1 2 0 0 0 0 0 0 0 2 11 24 35 23 0 0 0 0 0 0 1 1 0 0 0 0 0 0 0 0 32 18 0 0 10 33 39 17 9 0 0 21 0 0 10 25 7 0 0 0 0 6 3 0 0 0 0 0 1 0 0 7 28 44 39 21 15 6 0 0 0 0 0 0 0 2 3 1 0 0 1 15 48 70 52 19 0 0 0 43 16 0 0 0 7 8 0 2 0 0 0 0 0 0 0 3 2 0 0 0 1 2 2 0 0 0 0 0 0 0 3 3 5 6 78
0 1 0 0 3 1 0 0 0 0 0 0 2 10 23 35 23 0 0 0 0 0 0 1 1 0 0 0 0 0 0 0 41 70 14 0 3 35 43 22 9 9 0 4 23 0 0 13 12 1 0 0 0 2 14 0 0 0 0 0 3 4 0 0 32 46 27 3 12 30 33 23 11 5 4 2 0 0 3 3 0 2 13 34 58 77 71 40 11 0 0 0 39 26 0 0 1 10 6 0 1 0 0 0 0 0 0 2 3 2 2 2 2 3 4 4 2 0 0 0 0 0 0 0 0 3 6 76
0 0 0 0 4 3 0 0 0 0 0 0 2 9 23 35 22 0 0 0 0 0 2 1 1 0 0 0 0 0 0 0 38 27 0 0 31 55 25 0 5 0 0 16 15 0 0 0 0 7 0 0 0 18 0 0 0 0 0 0 11 0 0 36 53 28 3 0 3 15 13 15 11 6 7 5 0 0 0 2 4 23 52 71 68 50 30 16 6 0 0 0 34 34 0 0 7 9 1 0 0 0 0 0 0 0 0 3 1 1 2 2 1 1 3 3 1 0 1 0 0 0 0 0 0 2 5 70
0 0 1 3 8 5 0 0 0 0 0 0 1 10 23 35 24 0 0 0 0 1 3 2 2 1 0 0 0 0 0 0 3 0 0 9 47 31 0 0 0 0 4 16 6 0 9 0 0 9 0 0 16 12 0 0 0 0 0 0 7 11 51 76 55 40 46 40 43 35 0 0 0 0 0 4 0 0 0 1 20 58 76 66 43 25 21 23 16 1 0 0 28 38 0 1 9 8 0 1 0 0 0 0 0 0 2 4 1 1 2 0 0 0 1 3 1 1 1 0 0 1 4 2 1 2 2 68
0 2 5 6 10 7 0 0 0 0 0 0 2 11 23 36 27 2 0 0 0 2 4 3 4 1 0 0 0 0 0 4 24 38 47 41 11 0 0 1 0 2 18 6 0 0 11 0 0 0 0 1 9 0 0 0 0 0 0 1 27 68 89 62 39 40 36 9 15 31 8 0 0 0 0 0 0 0 0 20 70 89 59 25 18 22 22 23 21 4 0 0 22 39 2 1 11 5 0 3 0 0 0 0 0 0 3 4 2 2 1 0 0 0 2 2 2 0 1 2 1 5 7 6 5 5 4 70
0 2 4 7 10 8 0 0 0 0 0 0 1 11 24 38 27 0 0 0 0 1 2 2 6 0 0 0 3 2 2 20 52 68 48 4 0 0 12 5 0 14 27 5 0 0 9 2 0 8 13 6 0 0 0 0 0 0 0 24 72 90 57 14 1 4 0 0 0 0 0 0 0 0 0 0 0 0 1 69 106 66 4 0 0 6 3 8 11 0 0 0 16 38 4 6 10 1 0 2 0 0 0 0 0 0 3 3 1 2 2 1 1 2 3 2 1 1 3 2 3 7 8 7 7 8 6 70
0 0 1 4 8 5 0 0 0 0 0 0 0 10 23 35 23 0 0 0 0 0 0 0 11 7 0 0 7 0 20 54 66 42 0 0 1 12 6 0 0 25 30 4 0 0 9 9 0 12 22 5 0 0 0 0 0 0 11 58 68 38 9 0 0 0 0 0 0 0 0 0 0 0 0 0 0 0 28 87 57 0 0 0 0 28 8 4 5 0 0 0 9 36 7 11 8 0 1 0 0 0 0 0 0 2 3 2 0 1 1 1 1 1 1 1 2 3 5 4 5 7 8 9 7 3 0 61
0 0 0 3 8 4 0 0 0 0 0 0 1 11 24 32 20 0 0 0 0 0 4 18 21 0 0 0 0 14 72 69 36 0 0 7 3 0 0 0 0 21 23 0 0 0 12 13 0 3 9 0 0 0 0 0 0 7 52 58 16 0 0 0 0 0 0 0 0 26 21 0 0 0 0 0 0 0 45 58 0 0 0 0 27 53 10 0 0 0 0 0 4 36 12 16 7 0 2 0 0 0 0 0 0 3 4 3 1 0 0 0 -0 0 1 2 4 4 5 6 6 8 7 2 0 0 0 56
0 0 2 5 9 5 0 0 0 0 0 0 1 10 23 32 20 0 0 0 0 0 18 24 0 0 0 0 27 95 84 15 0 0 10 20 0 0 0 0 0 8 17 3 3 0 6 8 0 8 0 0 0 0 0 0 3 54 56 16 0 0 0 0 0 0 0 0 11 35 22 1 0 0 0 0 0 0 34 24 0 0 0 5 60 43 1 0 0 0 0 0 0 37 17 18 4 0 0 0 0 0 0 0 0 3 2 2 1 0 0 2 1 0 3 4 5 5 6 7 6 2 0 0 0 0 0 72
0 2 6 8 10 7 0 0 0 0 0 0 0 10 23 32 22 0 0 0 0 0 3 0 0 0 16 40 82 89 28 0 0 0 19 10 0 0 0 0 0 6 25 17 3 0 0 2 5 7 0 0 0 0 0 1 58 65 13 0 0 0 0 0 0 0 0 3 12 7 8 11 3 0 0 0 0 0 19 15 0 0 8 36 37 4 0 10 1 0 0 0 0 42 26 18 1 0 0 0 0 0 0 0 3 3 2 1 0 0 3 4 2 2 4 4 5 6 7 5 0 0 0 0 0 0 0 90
0 7 11 10 12 11 0 0 0 0 0 0 1 12 24 34 24 0 0 0 0 0 0 0 0 36 45 38 48 21 0 0 0 8 28 16 0 0 0 0 0 14 36 26 3 -0 0 0 6 0 0 0 0 0 0 54 75 20 0 0 0 0 0 0 0 0 0 0 0 0 4 14 3 0 1 0 0 0 12 20 6 1 2 5 0 0 9 17 1 0 0 0 0 49 31 14 0 1 0 0 0 0 0 0 3 3 2 1 0 1 2 3 2 3 5 4 4 5 5 0 0 0 0 0 0 0 0 95
0 9 10 9 12 11 0 0 0 0 0 0 2 12 24 35 25 0 0 0 0 0 0 0 15 24 12 15 16 0 0 0 0 24 44 24 0 0 0 0 0 3 25 18 0 1 0 0 0 0 0 0 0 0 49 85 31 0 0 0 0 0 0 0 0 0 0 0 0 0 7 11 2 2 4 0 0 0 6 20 8 4 3 2 0 0 19 20 0 0 0 0 0 52 36 10 0 2 0 0 0 0 0 0 2 2 1 -0 0 1 1 1 3 4 4 4 6 6 0 0 0 0 0 0 2 1 -0 94
0 8 8 6 11 8 0 0 0 0 0 0 2 11 24 35 26 1 0 0 0 0 0 1 27 29 27 27 0 0 0 0 1 28 34 10 0 0 0 0 15 14 3 1 4 2 0 3 0 0 0 0 0 37 100 53 0 0 0 0 0 0 0 0 0 0 0 0 0 2 12 10 2 4 4 0 0 0 4 23 15 11 9 6 2 7 27 25 0 0 0 0 0 53 41 7 0 0 0 0 0 0 0 2 2 1 1 0 0 1 3 3 3 3 4 6 7 0 0 0 0 0 0 3 2 0 0 93
0 9 9 7 10 6 0 0 0 0 0 0 2 12 24 35 25 0 0 0 0 0 13 32 40 32 28 9 0 0 0 0 29 41 22 0 0 0 5 18 42 16 0 1 23 9 3 0 0 0 0 0 7 99 86 0 0 0 0 0 0 0 0 0 0 0 0 0 2 7 12 7 3 5 5 0 0 0 0 25 17 10 10 6 3 12 33 28 0 0 1 0 0 50 43 2 0 0 0 0 0 0 0 4 1 2 1 1 1 3 3 2 2 3 5 7 0 0 0 0 0 1 2 2 0 0 0 94
0 8 6 7 10 6 0 0 0 0 0 0 3 12 23 35 25 0 0 0 0 9 19 18 7 0 0 0 0 0 0 12 39 29 6 0 0 0 2 16 26 0 0 2 24 14 6 0 0 0 0 0 74 109 27 0 0 0 0 0 0 0 0 0 0 0 2 4 5 11 14 11 7 9 8 0 0 0 0 27 18 8 9 6 5 18 40 29 0 0 6 0 0 42 45 0 0 0 0 0 0 0 1 3 1 2 2 2 3 3 2 2 2 3 7 7 0 0 0 0 0 1 0 0 0 0 0 98
0 3 3 5 9 7 0 0 0 0 0 0 3 11 22 35 27 0 0 0 0 0 8 11 0 0 1 5 12 0 0 4 25 11 0 1 5 0 0 0 2 0 0 0 14 19 3 0 0 0 0 34 115 65 0 0 0 0 0 0 0 0 0 0 0 1 4 5 6 11 15 13 9 10 8 0 0 0 0 26 21 10 10 8 7 24 44 25 0 0 9 0 0 34 46 6 0 0 0 0 0 0 5 2 1 2 2 2 2 2 2 3 3 5 8 0 0 0 0 0 2 0 0 0 0 0 0 102
0 0 2 4 10 7 0 0 0 0 0 0 0 10 21 36 30 0 0 0 0 0 33 18 0 4 24 13 0 0 0 0 22 12 2 10 8 0 0 0 0 0 0 5 29 43 6 0 0 0 0 105 102 12 0 0 0 0 0 0 0 0 0 0 0 2 6 6 7 10 14 13 7 9 8 0 0 0 0 23 25 10 9 9 10 33 47 16 0 0 13 0 0 24 50 18 0 0 0 0 0 0 5 3 1 2 2 1 1 1 1 3 4 5 5 0 0 0 0 1 0 0 0 0 0 0 2 102
0 1 2 6 12 8 0 0 0 0 0 0 -0 8 21 36 30 0 0 0 0 17 38 2 0 18 22 0 0 0 0 0 33 26 8 8 2 0 0 0 0 0 0 48 55 43 0 0 0 0 66 124 46 0 0 0 0 0 0 0 0 0 0 0 2 4 4 5 7 12 17 15 6 3 5 0 0 0 0 20 30 9 9 9 15 42 45 7 0 0 17 0 0 11 50 26 0 0 0 0 0 1 6 3 1 1 1 1 0 0 2 2 4 6 0 0 0 0 1 -0 0 0 0 0 0 2 0 100
0 1 2 6 12 8 0 0 0 0 0 0 0 8 21 36 25 0 0 0 5 20 29 0 0 13 11 0 0 8 0 4 33 22 4 0 0 0 0 0 0 1 38 66 45 0 0 0 0 12 104 77 0 0 0 0 0 0 0 0 0 0 0 0 2 1 1 4 7 12 20 16 0 0 0 0 0 0 0 21 37 11 9 10 23 51 38 0 0 0 19 0 0 0 48 32 0 0 0 0 0 3 4 3 2 2 1 2 1 0 1 3 5 4 0 0 0 0 1 0 0 0 0 2 1 0 0 101
0 1 2 6 9 3 0 0 0 0 0 0 0 7 21 33 18 0 0 1 1 21 26 0 0 15 13 0 9 7 0 1 15 11 3 0 3 0 0 4 4 25 48 38 0 0 0 0 0 58 94 30 0 0 0 0 0 0 0 0 0 0 0 0 0 0 0 1 6 9 17 8 0 8 15 7 0 0 0 30 40 10 9 13 38 56 23 0 0 1 18 0 0 0 51 36 0 0 0 0 0 4 3 3 2 1 1 2 2 1 2 4 7 0 0 0 0 1 0 0 0 0 2 1 0 0 0 104
0 3 3 5 5 0 0 0 0 0 0 0 0 8 21 32 23 3 2 2 0 18 16 0 0 30 1 0 14 0 0 0 1 16 17 0 0 0 4 1 0 26 36 7 0 0 0 0 46 93 58 5 0 0 0 0 0 0 0 0 0 0 0 0 0 0 0 0 2 5 11 3 3 21 15 9 2 0 0 30 32 7 8 22 52 46 6 0 0 2 14 0 0 0 51 31 0 0 0 0 0 4 3 3 0 0 1 2 3 3 4 4 7 0 0 0 0 0 0 0 0 0 0 0 0 0 1 104
0 4 3 5 2 0 0 0 0 0 0 0 0 7 21 34 31 7 0 0 0 20 18 0 18 25 0 0 17 0 0 0 0 20 25 0 0 0 5 0 0 19 0 0 0 0 0 47 107 69 6 0 0 0 0 0 0 0 0 0 0 0 0 0 0 0 0 0 0 3 5 1 1 0 0 0 0 0 0 18 20 8 11 38 57 28 0 0 0 0 11 0 0 0 45 21 0 0 0 0 0 3 2 1 0 0 1 2 1 2 2 5 5 0 0 0 0 0 0 0 0 0 0 0 0 1 1 104
0 2 1 4 2 0 0 0 0 0 0 0 0 6 20 34 29 0 0 0 0 19 23 1 6 0 0 17 8 0 0 0 0 10 20 0 0 8 19 0 0 0 0 0 0 0 0 79 86 11 0 1 0 0 0 0 0 0 0 0 0 0 0 1 0 0 0 0 0 2 2 0 0 0 0 0 0 0 0 16 16 10 19 52 49 11 0 0 0 2 10 3 0 0 38 10 0 0 0 0 2 3 2 1 1 1 2 1 1 2 2 6 1 0 0 0 0 0 0 0 0 0 0 0 0 1 0 103
0 2 2 6 5 0 0 0 0 0 0 0 0 7 21 34 30 3 0 0 0 26 23 0 0 0 23 15 0 0 0 4 0 0 16 0 0 34 32 0 0 0 0 0 26 0 30 86 36 0 0 4 0 0 0 0 0 0 0 0 0 0 0 1 0 0 0 0 1 4 4 2 0 0 0 0 0 0 10 24 15 10 35 60 32 2 0 0 0 6 10 9 0 0 24 0 0 0 0 0 3 3 2 2 2 1 3 2 0 2 3 5 0 0 0 0 0 0 0 0 1 0 0 0 -0 0 0 104
0 4 4 8 4 0 0 0 0 0 0 0 0 7 20 36 32 5 0 0 0 35 15 0 3 30 15 0 0 0 0 10 3 0 7 0 7 30 0 0 0 0 0 49 20 10 70 52 4 0 0 0 4 0 0 0 0 0 0 0 0 0 0 1 1 0 2 3 4 6 6 3 0 0 0 0 0 0 17 26 15 16 53 54 14 0 0 0 0 8 11 13 0 0 12 0 0 0 0 0 2 2 2 2 1 1 2 1 1 2 4 8 0 0 0 0 0 0 0 1 0 0 0 0 0 0 -0 105
0 4 2 5 1 0 0 0 0 0 0 0 0 5 20 37 33 0 0 0 9 32 12 0 25 23 0 0 0 0 0 2 3 0 0 11 34 0 0 0 0 0 47 41 5 48 47 1 0 0 0 0 7 0 0 2 0 0 0 0 0 0 0 2 2 2 4 7 6 5 5 2 0 0 0 8 14 14 35 36 15 31 64 36 0 0 0 0 0 5 7 13 0 0 2 0 0 0 0 0 2 2 3 2 0 1 1 1 0 3 5 7 0 0 0 0 0 0 0 0 0 0 0 0 0 0 0 106
0 4 0 4 1 0 0 0 0 0 0 0 0 6 22 39 29 0 0 0 0 28 21 2 23 8 0 0 0 0 0 0 0 0 0 24 15 0 0 0 0 30 50 5 30 63 9 0 11 0 0 0 9 0 0 4 0 0 0 0 0 0 0 -0 0 6 21 23 17 15 16 17 21 26 25 29 43 48 48 31 13 49 61 15 0 0 0 0 0 5 8 12 0 0 0 0 0 0 0 0 2 2 2 0 0 0 1 1 0 2 4 6 0 0 0 0 0 0 0 -0 0 0 0 0 0 0 0 106
0 1 0 2 0 0 0 0 0 0 0 0 0 8 24 36 9 0 0 0 0 33 20 6 15 2 0 0 0 0 2 0 0 0 0 17 0 0 0 0 34 65 8 9 61 38 0 1 10 0 0 0 9 0 0 3 0 0 0 1 1 0 0 0 0 8 17 11 7 10 9 10 10 4 0 0 12 17 6 0 18 64 43 2 0 0 0 0 0 7 7 7 0 0 0 0 0 0 0 1 2 1 1 0 0 1 1 2 0 1 5 8 0 0 0 0 0 0 1 0 0 0 0 0 0 0 0 106
0 0 0 1 0 0 0 0 0 0 0 0 0 8 21 21 6 11 6 0 7 38 10 1 9 0 0 0 0 0 24 0 0 1 10 0 0 0 0 0 63 26 0 52 53 8 0 0 4 0 0 0 7 0 0 3 0 0 0 3 2 0 0 0 0 3 0 0 0 0 0 0 0 0 0 0 0 0 0 0 50 64 17 0 1 0 0 0 0 7 2 4 0 0 0 0 0 0 0 2 1 0 0 0 0 0 1 1 0 2 7 7 0 0 0 0 0 1 0 0 0 0 0 -0 1 2 3 108
0 0 0 3 0 0 0 0 0 0 0 0 -0 7 16 25 37 26 0 0 26 29 0 6 10 0 0 0 0 4 23 0 2 2 0 0 0 0 0 9 26 0 44 67 19 0 0 0 0 0 0 0 5 0 0 3 0 0 0 2 1 0 0 0 0 1 2 0 0 0 0 0 0 0 0 8 18 9 0 36 71 39 0 0 0 0 0 0 0 6 1 5 0 0 0 0 0 0 0 1 0 0 0 0 0 0 2 1 0 3 7 7 0 0 0 0 1 0 0 0 0 0 0 3 4 5 5 107
0 1 2 4 0 0 0 0 0 0 0 0 0 7 20 43 49 0 0 2 38 16 0 24 10 0 0 0 0 8 4 0 1 0 0 0 0 2 0 0 3 44 80 34 0 0 1 0 0 0 0 0 4 0 0 4 0 0 0 2 0 0 0 0 0 1 4 4 2 0 0 1 5 13 20 17 10 4 22 64 59 14 0 0 0 0 0 0 0 5 3 5 1 0 0 0 0 0 0 2 1 0 0 0 0 1 2 2 2 4 9 10 0 0 0 0 1 0 0 0 0 2 5 5 3 2 0 104
0 2 3 0 0 0 0 0 0 0 0 0 1 9 23 41 36 0 0 20 34 5 0 35 3 0 10 0 0 11 0 0 0 0 0 10 9 0 0 0 54 88 49 4 0 2 3 0 0 0 0 0 5 2 0 6 3 0 0 1 0 0 0 0 0 0 2 3 0 0 0 0 0 0 0 0 0 8 49 65 32 3 0 0 0 4 0 0 0 6 3 3 2 0 0 1 1 0 0 1 0 0 0 0 1 2 2 2 2 4 10 10 0 0 0 0 1 0 0 0 3 4 3 1 0 0 0 102
0 2 3 0 0 0 0 0 0 0 0 0 0 8 21 37 32 0 0 21 20 0 8 32 0 0 10 0 0 20 0 0 5 0 0 4 3 0 0 37 103 62 8 0 0 1 3 0 1 2 2 1 3 4 0 3 3 0 2 2 0 0 0 0 0 0 0 0 0 0 0 0 0 0 0 0 0 30 64 45 11 0 0 0 1 5 0 0 0 5 2 3 3 0 0 2 2 0 0 1 0 2 1 2 3 2 2 3 3 4 10 8 0 0 0 1 2 0 2 3 3 1 0 0 0 0 1 105
0 1 1 0 0 0 0 0 0 0 0 0 0 8 20 37 34 0 0 22 20 0 11 20 0 0 9 0 0 31 11 0 4 4 0 0 1 0 2 75 82 16 0 0 0 0 3 0 1 2 1 0 1 2 0 0 0 0 7 7 5 1 0 0 0 0 0 0 0 0 0 0 0 0 0 2 10 50 60 19 2 0 0 0 4 4 0 0 0 5 2 2 4 0 0 3 2 0 0 3 3 2 3 2 2 2 3 5 4 4 9 5 0 0 0 3 5 3 1 -0 0 0 2 3 3 2 4 108
0 0 2 0 0 0 0 0 0 0 0 0 0 6 19 38 36 0 0 28 23 0 9 14 0 1 9 0 0 26 11 0 0 0 0 0 4 8 19 56 38 2 0 0 0 2 2 0 0 0 1 0 0 0 0 0 0 0 4 9 7 5 2 2 5 3 0 0 0 0 0 0 0 1 3 10 22 60 47 2 0 0 0 0 5 2 0 0 0 5 2 1 4 0 0 4 6 0 4 5 2 1 2 1 1 4 5 6 3 4 10 0 0 0 0 5 5 0 0 0 1 4 4 5 11 24 44 129
0 2 3 0 0 0 0 0 0 0 0 0 0 6 22 43 31 0 0 21 10 0 11 11 0 7 12 0 0 11 3 0 0 3 1 0 0 1 0 17 18 2 0 0 0 3 3 0 1 0 1 0 0 0 0 0 0 0 0 1 0 0 0 8 9 6 5 2 1 0 0 0 3 6 12 17 31 59 35 0 0 0 0 0 5 1 0 0 0 4 0 0 3 0 0 12 19 12 11 9 5 3 2 1 1 3 4 4 3 6 12 0 0 0 0 7 3 0 0 3 5 8 15 32 61 88 100 127
0 0 3 0 0 0 0 0 0 0 0 0 0 9 27 35 0 0 0 25 10 0 9 6 0 10 10 0 0 1 12 0 0 3 7 0 0 10 0 0 2 2 1 0 0 7 5 0 5 2 1 1 0 0 0 0 2 2 0 0 0 0 0 0 0 0 0 0 0 0 0 0 4 4 2 0 2 16 2 0 1 2 0 4 7 0 0 0 1 3 0 3 3 0 0 23 28 15 12 12 12 11 9 6 4 4 4 4 4 7 12 0 0 0 2 7 3 2 3 6 11 23 54 91 105 92 60 57
0 0 1 0 0 0 0 0 0 0 0 0 1 9 18 5 0 15 30 36 25 0 1 5 0 0 0 0 0 0 17 12 0 0 0 3 5 29 23 0 0 2 0 0 0 11 3 0 5 0 0 1 0 0 0 1 4 4 0 0 0 0 0 0 0 0 0 0 0 0 0 4 7 3 0 0 0 0 0 0 0 0 1 6 7 0 0 0 1 7 2 4 0 0 0 25 17 2 3 8 12 14 15 14 12 11 10 9 7 10 9 0 0 0 7 5 2 1 4 9 20 50 92 97 58 13 0 14
0 0 0 0 0 0 0 0 0 0 0 1 0 3 4 13 44 42 14 31 26 0 0 12 0 0 0 0 0 0 16 10 0 0 13 19 0 17 7 0 0 19 6 0 0 14 0 0 6 1 0 0 0 0 0 0 2 2 0 0 0 0 0 0 0 0 0 0 0 0 7 8 6 0 0 0 0 0 0 0 0 0 0 0 8 0 0 0 4 9 2 5 0 0 0 18 0 0 0 0 3 7 10 13 15 17 18 16 14 16 12 0 0 0 8 2 0 0 5 19 51 88 90 42 0 0 0 26
0 0 0 0 0 1 0 0 0 0 0 1 0 0 12 46 42 0 4 42 17 0 0 10 6 0 0 1 2 0 6 6 0 0 31 5 0 0 0 0 17 32 12 0 0 15 0 0 9 3 0 0 0 0 0 0 0 1 0 0 0 0 0 1 0 0 0 0 0 1 5 1 0 0 0 0 0 0 2 0 0 0 0 0 0 0 0 0 6 10 4 7 0 0 0 8 0 0 0 0 0 0 0 2 5 9 15 16 9 11 18 0 0 0 3 0 0 3 17 52 93 88 38 0 0 0 0 40
0 0 0 0 0 5 0 0 0 0 0 0 0 4 25 33 0 0 45 44 6 0 0 0 0 0 0 16 7 0 0 6 4 30 21 0 0 0 0 1 32 21 5 5 2 12 0 0 8 1 0 0 0 0 0 0 0 3 0 0 0 0 0 0 0 0 0 0 0 1 1 0 0 0 0 0 0 1 2 1 1 0 0 0 0 0 0 0 7 10 4 7 0 0 0 2 0 0 0 0 0 0 0 0 0 0 2 0 0 0 13 0 0 0 0 0 0 17 58 100 86 25 0 0 0 0 0 43
0 0 0 0 0 13 0 0 0 0 0 0 0 6 17 0 0 36 55 21 0 0 0 3 0 0 15 19 0 0 0 2 22 29 3 0 0 0 0 19 25 3 0 2 18 10 0 0 7 1 0 0 0 2 0 0 0 0 0 0 0 0 0 0 0 0 0 0 0 1 0 0 0 0 0 0 0 1 1 0 0 0 0 0 0 0 0 0 7 10 0 8 0 0 0 2 0 1 0 0 0 0 0 0 0 0 0 0 0 0 4 0 0 0 0 0 7 42 95 88 19 0 0 0 0 0 1 43
0 0 0 0 5 20 0 0 0 0 0 0 0 6 8 0 19 59 39 6 0 0 0 13 14 21 20 9 3 16 0 0 26 12 0 0 0 0 0 19 10 0 0 5 23 13 0 0 7 2 0 0 0 3 0 0 0 0 7 0 0 0 0 0 0 0 0 0 2 0 0 0 0 0 0 0 0 2 1 0 0 0 0 0 0 0 0 2 9 8 0 10 0 0 0 1 0 3 2 0 0 0 0 0 0 0 0 0 0 0 0 0 0 0 0 3 21 68 91 26 0 0 0 0 0 2 2 41
0 0 0 0 7 29 7 0 0 0 0 0 0 7 7 7 46 70 35 2 0 0 0 7 13 2 0 9 13 10 0 0 12 0 0 0 0 0 0 8 0 0 4 0 15 23 0 0 8 5 2 0 0 7 0 0 0 0 17 0 0 0 0 0 0 0 0 0 0 0 0 0 0 0 0 0 0 0 0 0 0 0 0 0 0 0 2 14 19 5 0 12 0 0 0 0 0 3 1 0 1 1 0 1 1 1 0 0 0 0 0 0 0 0 0 8 38 81 59 0 0 0 0 0 0 8 0 41
0 0 0 0 10 38 19 0 0 0 0 0 0 7 11 15 46 59 24 0 0 0 7 10 2 0 0 16 5 0 0 0 0 0 0 0 0 0 0 0 0 28 24 0 14 37 0 0 8 7 2 0 0 9 0 0 0 0 28 0 0 0 0 0 0 0 0 -0 0 0 0 0 0 0 0 0 0 0 0 0 0 0 0 0 0 0 0 14 32 12 0 10 0 0 0 0 0 2 1 1 1 1 2 1 1 2 2 0 0 0 0 0 0 0 1 16 59 77 26 0 0 0 0 0 12 5 0 45
0 0 0 0 12 46 32 0 0 0 0 0 -0 6 15 20 38 45 16 0 0 0 9 7 0 0 0 23 8 0 0 0 0 0 0 0 0 0 0 0 7 57 18 0 15 52 0 0 3 6 0 0 0 9 0 0 0 2 33 0 0 0 0 0 0 0 0 0 0 0 0 0 0 0 0 0 0 0 0 0 0 0 0 0 0 0 0 3 37 35 8 5 0 0 0 0 1 1 1 2 2 2 2 3 3 5 6 0 0 0 0 0 0 1 4 30 74 56 3 0 0 0 0 14 9 0 0 51
0 0 0 0 14 56 41 0 0 0 0 -0 0 4 16 18 33 46 16 0 0 7 7 2 0 0 7 25 4 1 0 0 8 2 0 0 6 1 0 0 16 53 4 0 28 67 0 0 2 7 0 0 4 9 0 0 0 3 28 0 0 0 0 0 0 0 0 1 0 0 0 0 0 0 0 0 0 0 0 0 0 0 0 0 0 0 0 0 25 51 29 0 0 0 0 0 1 0 1 2 2 3 4 3 5 8 3 0 0 0 0 0 0 2 12 52 75 32 0 0 0 0 10 12 0 0 0 51
0 0 0 0 15 59 42 0 0 0 0 0 0 4 16 15 38 49 10 0 2 8 4 3 0 0 21 28 0 0 0 8 13 0 0 0 14 9 0 0 14 32 0 0 26 52 0 0 8 10 0 0 3 3 0 0 0 0 24 0 0 0 0 0 0 0 1 1 0 0 0 0 0 0 0 0 0 0 0 0 0 0 0 0 0 0 0 0 6 53 52 0 0 0 0 0 2 1 1 3 3 4 4 4 6 7 0 0 0 0 0 0 0 5 28 68 61 15 0 0 0 3 15 4 0 0 1 50
0 0 0 0 12 56 41 0 0 0 0 0 0 6 16 24 54 45 3 1 7 5 2 0 0 0 40 25 0 0 7 5 0 0 0 0 6 2 0 0 11 13 0 0 33 45 0 0 11 6 0 -0 1 0 0 0 0 2 30 0 0 0 0 0 0 0 0 -0 0 0 0 0 0 0 0 0 0 0 0 0 0 0 0 0 0 0 0 0 0 42 68 0 0 0 0 0 4 2 3 3 3 3 3 3 5 6 0 0 0 0 0 0 0 13 46 69 38 4 0 0 0 13 12 0 0 0 5 54
0 0 0 0 10 52 41 0 0 0 0 2 2 7 18 27 47 30 4 7 3 0 0 0 0 6 35 15 0 0 12 0 0 0 0 0 1 0 0 0 24 10 0 3 39 24 0 0 2 1 1 2 0 0 0 0 0 15 33 0 0 0 0 0 0 0 0 0 0 0 0 0 0 0 0 0 0 0 0 0 0 0 0 0 0 0 0 0 0 25 74 13 0 0 0 2 3 3 4 3 1 2 2 3 5 3 0 0 0 5 0 0 3 27 58 52 17 0 0 0 3 15 5 0 0 7 12 54
0 0 0 0 7 48 43 0 0 0 0 2 1 7 16 22 39 32 9 3 0 0 0 0 3 2 18 11 0 4 9 0 0 0 0 12 0 0 0 7 30 29 23 43 36 2 0 0 0 0 4 4 0 0 0 0 0 21 30 0 0 0 0 0 0 0 2 1 2 0 0 0 0 0 0 0 0 0 0 0 0 0 0 0 0 0 0 0 0 8 68 24 0 0 0 2 3 2 3 2 0 2 2 4 4 0 0 0 0 7 0 0 12 44 58 32 9 2 0 0 11 14 0 0 2 10 9 47
0 0 0 0 4 47 46 0 0 0 0 0 0 3 12 21 45 38 7 1 0 0 0 4 0 0 14 13 0 2 5 0 0 0 0 8 0 0 0 13 13 17 25 36 38 19 7 2 2 10 11 4 0 0 0 0 0 26 26 0 0 0 0 0 0 0 1 1 0 0 0 0 0 0 0 0 0 0 0 0 0 0 0 0 0 0 0 0 0 0 54 30 0 0 0 2 3 1 2 0 0 1 3 5 2 0 0 0 0 5 0 0 22 54 49 18 9 4 0 6 16 7 0 0 6 7 2 42
0 0 0 0 2 44 45 0 0 0 0 0 -0 5 14 20 42 33 6 3 0 0 0 3 0 0 9 9 0 0 4 0 0 0 0 0 0 0 0 14 13 2 0 0 9 7 13 21 22 23 18 2 0 0 0 0 2 34 22 0 0 0 0 0 0 0 2 1 0 0 0 0 0 0 0 0 0 0 0 0 0 0 0 0 0 0 0 0 0 0 35 29 0 0 2 3 2 0 0 0 0 1 3 3 0 0 0 0 7 6 0 1 30 55 37 13 13 5 1 14 10 0 0 4 7 2 0 45
0 0 0 0 0 39 42 0 0 0 0 0 0 6 15 18 35 30 9 0 0 0 4 12 0 0 3 0 0 0 2 0 0 0 0 0 0 0 0 19 25 1 0 0 8 2 0 2 7 13 12 0 0 0 0 0 11 39 8 0 0 0 0 0 0 0 2 1 0 0 0 0 0 0 0 0 0 0 0 0 0 0 0 0 0 0 0 0 0 0 15 23 0 0 17 12 7 1 0 0 0 0 2 0 0 0 0 0 9 0 0 5 39 54 30 13 13 4 7 13 0 0 3 9 3 0 3 51
0 0 0 0 0 33 44 0 0 0 0 0 0 5 15 20 38 36 14 0 0 6 15 4 0 0 0 0 2 3 7 2 0 7 0 0 1 16 16 24 24 0 0 30 41 11 1 3 8 5 0 0 0 0 0 0 24 37 0 0 0 0 0 0 0 1 0 0 0 0 0 0 0 0 0 0 0 0 0 0 0 0 0 0 0 0 0 0 0 0 2 22 32 33 31 21 18 13 10 8 5 4 2 0 0 0 0 5 0 0 0 14 50 54 29 16 7 4 13 1 0 0 9 4 0 0 14 55
0 0 0 0 0 26 44 0 0 0 0 0 0 3 15 24 37 34 17 0 0 9 2 0 0 1 0 0 10 8 7 1 0 0 0 0 0 10 1 7 7 0 0 54 46 7 1 3 8 0 0 0 0 0 0 7 41 25 0 0 0 0 0 0 0 1 0 0 1 1 0 0 0 0 0 0 0 0 0 0 0 0 0 0 0 0 0 0 0 0 0 22 60 46 18 14 16 19 22 22 22 18 10 0 0 0 7 0 0 0 0 31 61 56 33 14 1 10 7 0 0 4 6 0 0 9 24 51
0 0 0 0 0 22 44 0 0 0 0 0 0 2 16 31 34 29 19 3 2 2 0 0 0 4 0 0 7 4 0 0 0 0 0 0 0 0 0 0 0 5 26 34 20 1 2 5 4 0 0 0 0 0 0 27 47 0 0 0 0 0 0 0 1 0 -0 1 2 2 0 0 0 0 0 0 0 0 0 0 0 0 0 0 0 0 0 0 0 0 0 17 60 36 0 0 1 9 18 25 30 32 27 14 3 0 0 0 0 0 1 50 73 58 29 4 1 7 0 0 2 7 1 0 1 19 26 42
0 0 0 0 0 18 46 5 0 0 0 0 0 1 20 37 31 30 24 5 1 0 0 1 3 2 0 0 5 3 0 0 0 3 3 0 0 0 0 0 0 21 25 13 8 2 3 4 0 0 0 0 0 0 15 50 23 0 0 0 0 0 0 1 1 0 0 1 0 1 1 0 0 0 0 0 0 0 0 0 0 0 0 0 0 0 0 0 0 0 0 7 49 34 0 0 0 0 4 10 18 26 28 20 0 0 0 0 0 0 22 71 79 46 8 0 2 0 0 0 11 4 0 0 9 25 23 34
0 0 0 0 0 13 46 9 0 0 0 0 0 0 25 34 25 32 22 0 0 0 0 5 2 0 0 0 3 5 7 3 0 0 0 0 0 0 2 1 0 17 15 1 5 4 4 1 0 0 0 0 0 9 44 40 0 0 0 0 0 0 0 0 0 0 -0 0 0 1 1 0 0 0 0 0 0 0 0 0 0 0 0 0 0 0 0 0 0 0 0 0 37 42 0 0 0 0 0 0 3 9 12 2 0 0 0 0 0 0 55 96 70 18 0 0 0 0 0 14 11 0 0 0 14 21 13 29
0 0 0 0 0 12 44 13 0 0 0 0 0 0 26 32 24 34 17 0 0 4 1 0 0 0 0 0 1 3 5 0 0 0 0 0 0 0 9 11 9 30 26 2 2 4 3 0 0 0 0 0 6 42 46 0 0 0 0 0 0 0 0 -0 0 0 0 0 1 1 0 0 0 0 0 0 0 0 0 0 0 0 0 0 0 0 0 0 0 0 0 0 25 48 16 0 0 1 2 0 1 1 0 0 0 0 0 0 0 35 97 95 34 0 0 0 0 0 15 17 3 0 0 3 17 16 7 28
0 0 0 0 0 11 43 19 0 0 0 0 0 0 28 34 29 38 16 0 1 2 0 0 2 2 0 0 0 0 1 0 0 0 0 0 0 0 0 13 31 41 23 2 2 4 0 0 0 0 0 14 44 39 0 0 0 0 0 0 0 0 0 0 0 0 0 0 0 0 0 0 0 0 0 0 0 0 0 0 0 0 0 0 0 0 0 0 0 0 0 0 11 48 31 0 0 4 4 1 1 0 0 0 0 0 0 10 38 85 97 47 0 0 0 0 0 10 22 6 0 0 0 12 18 16 6 30
0 0 0 0 0 9 40 22 0 0 0 0 0 2 27 36 35 39 12 0 0 0 0 0 2 0 0 0 0 0 0 4 0 0 1 0 0 0 0 1 31 29 14 1 2 1 0 0 0 2 20 30 16 0 0 0 0 0 0 0 0 0 0 0 0 0 0 0 0 0 0 0 0 0 0 0 0 0 0 0 0 0 0 0 0 0 0 0 0 0 0 0 2 44 44 0 0 3 1 0 0 0 0 0 0 0 3 60 83 74 40 0 0 0 0 0 4 24 15 0 0 0 2 17 21 14 3 33
0 0 0 0 0 6 36 21 0 0 0 0 0 2 24 43 47 33 6 0 0 0 0 0 0 0 0 0 5 0 0 10 0 0 4 0 0 0 0 0 22 18 10 0 1 0 0 0 0 4 0 0 0 0 0 0 0 0 0 0 0 0 0 1 0 0 0 0 0 0 0 0 1 0 0 0 0 0 0 0 0 0 0 0 0 0 0 0 0 0 0 0 0 33 50 12 0 0 0 0 0 0 0 0 0 0 45 85 61 20 0 0 0 0 0 2 23 22 1 0 0 0 8 20 22 10 6 37
0 0 0 0 0 0 27 20 0 0 0 0 0 2 26 56 49 18 0 0 0 0 0 0 1 5 0 3 12 0 0 19 0 0 3 0 0 0 0 5 28 24 7 0 2 0 0 0 0 0 0 0 0 0 0 0 0 0 0 0 0 0 1 0 0 0 0 0 0 1 1 0 0 0 0 0 0 0 0 0 0 0 0 0 0 0 0 0 0 0 0 0 0 20 54 28 0 0 0 0 0 0 0 0 0 9 43 44 8 0 0 0 0 0 1 22 21 8 0 0 0 0 17 27 20 9 10 35
0 0 0 0 0 0 14 18 0 0 0 0 0 3 35 65 42 8 0 0 0 0 1 0 3 6 0 0 9 0 0 15 6 0 8 9 0 1 0 4 27 29 10 0 0 0 0 0 0 0 0 0 0 0 0 0 0 0 0 0 0 0 0 0 0 1 0 0 0 0 0 0 0 0 0 0 0 0 0 0 0 0 0 0 0 0 0 0 0 0 0 0 0 8 53 40 0 0 0 0 0 0 0 0 1 6 10 0 0 0 3 0 0 0 18 19 7 0 0 0 0 14 28 29 17 7 4 27
0 1 0 0 0 0 13 25 0 0 0 0 0 5 36 57 32 8 2 0 0 0 0 0 1 0 0 0 7 0 0 3 14 0 3 14 0 1 10 0 6 9 6 0 0 0 0 0 0 0 0 0 0 0 0 0 0 0 0 0 0 0 0 0 0 0 0 0 0 0 0 0 -0 0 0 0 0 0 0 0 0 0 0 0 0 0 0 0 0 0 0 0 0 0 44 48 1 0 0 0 0 0 0 0 1 0 0 0 0 7 6 0 0 10 12 3 0 0 0 0 10 28 34 26 10 0 0 18
0 1 0 0 0 0 21 38 3 0 0 0 0 5 37 56 34 8 0 0 0 0 0 0 2 0 0 11 6 0 0 4 14 0 0 17 0 0 14 0 0 1 1 0 0 0 0 0 0 0 0 0 0 0 -0 0 0 0 0 0 0 0 1 0 0 0 0 0 0 0 1 1 0 0 0 0 0 0 0 0 0 0 0 0 0 0 0 0 0 0 0 0 0 0 30 48 8 0 0 0 0 0 0 0 0 0 0 0 7 17 10 8 10 6 0 0 0 0 0 2 27 38 33 17 0 0 0 21
0 25 20 4 39 93 111 111 73 51 71 84 88 93 110 100 60 31 23 23 24 27 28 34 36 21 30 54 36 25 45 40 46 40 34 54 36 26 41 33 32 42 46 33 18 27 36 44 51 55 58 59 60 62 63 63 64 65 66 66 65 67 69 68 67 69 69 69 70 72 73 73 72 73 73 74 74 74 74 74 75 76 77 80 82 82 85 87 91 94 97 99 101 103 118 118 69 42 45 47 50 53 59 63 61 55 56 64 72 64 54 51 45 39 42 41 32 34 52 69 73 64 46 30 20 18 24 63
